[2015-08-13 오후 4:37:16:237]    ****************Initialized*******************
[2015-08-13 오후 4:37:52:251]    ****************Initialized*******************
[2015-08-13 오후 4:46:09:759]    ****************Initialized*******************
[2015-08-13 오후 4:47:07:538]    |---> ReleaseTC
[2015-08-13 오후 4:47:09:343]    ****************Initialized*******************
[2015-08-13 오후 4:49:54:797]    ****************Initialized*******************
[2015-08-13 오후 4:50:24:902]    --->Got a Job 373553
[2015-08-13 오후 4:50:25:010]    ******************Start Transcording JobID :[373553]******************
[2015-08-13 오후 4:50:25:011]    --------------------FFPROBE------------------------
[2015-08-13 오후 4:50:25:052]    ffprobe version 2.4.2 Copyright (c) 2007-2014 the FFmpeg developers
[2015-08-13 오후 4:50:25:057]      built on Dec 17 2014 01:04:08 with gcc 4.8.1 (GCC)
[2015-08-13 오후 4:50:25:057]      configuration: --prefix=_output/ --disable-debug --disable-pthreads --enable-w32threads --enable-postproc --cpu=i686 --enable-static --enable-shared --enable-gpl --enable-version3 --enable-runtime-cpudetect --enable-memalign-hack --enable-avisynth --enable-libx264 --enable-nonfree --enable-libmp3lame --enable-cross-compile --target-os=mingw32 --arch=x86_64 --disable-network --pkg-config=pkg-config
[2015-08-13 오후 4:50:25:057]      libavutil      54.  7.100 / 54.  7.100
[2015-08-13 오후 4:50:25:057]      libavcodec     56.  1.100 / 56.  1.100
[2015-08-13 오후 4:50:25:057]      libavformat    56.  4.101 / 56.  4.101
[2015-08-13 오후 4:50:25:057]      libavdevice    56.  0.100 / 56.  0.100
[2015-08-13 오후 4:50:25:057]      libavfilter     5.  1.100 /  5.  1.100
[2015-08-13 오후 4:50:25:057]      libswscale      3.  0.100 /  3.  0.100
[2015-08-13 오후 4:50:25:057]      libswresample   1.  1.100 /  1.  1.100
[2015-08-13 오후 4:50:25:057]      libpostproc    53.  0.100 / 53.  0.100
[2015-08-13 오후 4:50:25:057]    Input #0, mxf, from 'f:\TranscoderTempWorking\865bc91f-27da-4411-b117-ddbc02be6387.mxf':
[2015-08-13 오후 4:50:25:057]      Metadata:
[2015-08-13 오후 4:50:25:057]        uid             : a28e1300-2433-05c1-f83e-080046020118
[2015-08-13 오후 4:50:25:058]        generation_uid  : a28e1300-2433-05fc-f83e-080046020118
[2015-08-13 오후 4:50:25:058]        company_name    : Matrox Electronic
[2015-08-13 오후 4:50:25:058]        product_name    : DSX
[2015-08-13 오후 4:50:25:058]        product_version : 2.0
[2015-08-13 오후 4:50:25:058]        product_uid     : 060e2b34-0401-0106-0e06-012002030100
[2015-08-13 오후 4:50:25:058]        modification_date: 2008-03-04 14:29:02
[2015-08-13 오후 4:50:25:058]        timecode        : 00:00:00;00
[2015-08-13 오후 4:50:25:058]      Duration: 00:00:41.04, start: 0.000000, bitrate: 62608 kb/s
[2015-08-13 오후 4:50:25:058]        Stream #0:0: Video: mpeg2video (4:2:2), yuv422p(tv, bt709), 720x512 [SAR 128:135 DAR 4:3], 50000 kb/s, 29.97 fps, 29.97 tbr, 29.97 tbn, 59.94 tbc
[2015-08-13 오후 4:50:25:058]        Stream #0:1: Audio: pcm_s16le, 48000 Hz, 8 channels, s16, 6144 kb/s
[2015-08-13 오후 4:50:25:058]    
[2015-08-13 오후 4:50:25:059]    Extract MediaInfo Duration:00:00:41.04/ AudiocStreamCount:1
File :f:\TranscoderTempWorking\865bc91f-27da-4411-b117-ddbc02be6387.mxf
[2015-08-13 오후 4:50:25:063]    ---------------------FFMPEG---------------------
[2015-08-13 오후 4:50:25:065]    [Make Arg] -> f:\TranscoderTempWorking\865bc91f-27da-4411-b117-ddbc02be6387.mxf , [AudioMode] ->02
[2015-08-13 오후 4:50:25:065]    Arg: -threads 12 -i "f:\TranscoderTempWorking\865bc91f-27da-4411-b117-ddbc02be6387.mxf" -pix_fmt yuv420p -b:v 64k -sws_flags lanczos -vf "yadif=0:1-1, scale=320:180" -r 29.97 -vsync 0 -g 15 -c:a aac -ac 2 -ar 48000 -strict experimental "f:\TranscoderTempWorking\865bc91f-27da-4411-b117-ddbc02be6387_128k_HD.mp4"
[2015-08-13 오후 4:50:25:086]      built on Dec 17 2014 01:04:08 with gcc 4.8.1 (GCC)
[2015-08-13 오후 4:50:25:086]      configuration: --prefix=_output/ --disable-debug --disable-pthreads --enable-w32threads --enable-postproc --cpu=i686 --enable-static --enable-shared --enable-gpl --enable-version3 --enable-runtime-cpudetect --enable-memalign-hack --enable-avisynth --enable-libx264 --enable-nonfree --enable-libmp3lame --enable-cross-compile --target-os=mingw32 --arch=x86_64 --disable-network --pkg-config=pkg-config
[2015-08-13 오후 4:50:25:095]    Guessed Channel Layout for  Input Stream #0.1 : 7.1
[2015-08-13 오후 4:50:25:095]    Input #0, mxf, from 'f:\TranscoderTempWorking\865bc91f-27da-4411-b117-ddbc02be6387.mxf':
[2015-08-13 오후 4:50:25:095]      Metadata:
[2015-08-13 오후 4:50:25:095]        uid             : a28e1300-2433-05c1-f83e-080046020118
[2015-08-13 오후 4:50:25:095]        generation_uid  : a28e1300-2433-05fc-f83e-080046020118
[2015-08-13 오후 4:50:25:095]        company_name    : Matrox Electronic
[2015-08-13 오후 4:50:25:095]        product_name    : DSX
[2015-08-13 오후 4:50:25:095]        product_version : 2.0
[2015-08-13 오후 4:50:25:095]        product_uid     : 060e2b34-0401-0106-0e06-012002030100
[2015-08-13 오후 4:50:25:095]        modification_date: 2008-03-04 14:29:02
[2015-08-13 오후 4:50:25:095]        timecode        : 00:00:00;00
[2015-08-13 오후 4:50:25:095]      Duration: 00:00:41.04, start: 0.000000, bitrate: 62608 kb/s
[2015-08-13 오후 4:50:25:096]        Stream #0:0: Video: mpeg2video (4:2:2), yuv422p(tv, bt709), 720x512 [SAR 128:135 DAR 4:3], 50000 kb/s, 29.97 fps, 29.97 tbr, 29.97 tbn, 59.94 tbc
[2015-08-13 오후 4:50:25:096]        Stream #0:1: Audio: pcm_s16le, 48000 Hz, 8 channels, s16, 6144 kb/s
[2015-08-13 오후 4:50:25:104]    [libx264 @ 02be27a0] using cpu capabilities: MMX2 SSE2Fast SSSE3 SSE4.2
[2015-08-13 오후 4:50:25:112]    [libx264 @ 02be27a0] 264 - core 142 - H.264/MPEG-4 AVC codec - Copyleft 2003-2014 - http://www.videolan.org/x264.html - options: cabac=1 ref=3 deblock=1:0:0 analyse=0x3:0x113 me=hex subme=7 psy=1 psy_rd=1.00:0.00 mixed_ref=1 me_range=16 chroma_me=1 trellis=1 8x8dct=1 cqm=0 deadzone=21,11 fast_pskip=1 chroma_qp_offset=-2 threads=36 lookahead_threads=1 sliced_threads=0 nr=0 decimate=1 interlaced=0 bluray_compat=0 constrained_intra=0 bframes=3 b_pyramid=2 b_adapt=1 b_bias=0 direct=1 weightb=1 open_gop=0 weightp=2 keyint=15 keyint_min=1 scenecut=40 intra_refresh=0 rc_lookahead=15 rc=abr mbtree=1 bitrate=64 ratetol=1.0 qcomp=0.60 qpmin=0 qpmax=69 qpstep=4 ip_ratio=1.40 aq=1:1.00
[2015-08-13 오후 4:50:25:114]    Output #0, mp4, to 'f:\TranscoderTempWorking\865bc91f-27da-4411-b117-ddbc02be6387_128k_HD.mp4':
[2015-08-13 오후 4:50:25:114]      Metadata:
[2015-08-13 오후 4:50:25:114]        uid             : a28e1300-2433-05c1-f83e-080046020118
[2015-08-13 오후 4:50:25:114]        generation_uid  : a28e1300-2433-05fc-f83e-080046020118
[2015-08-13 오후 4:50:25:114]        company_name    : Matrox Electronic
[2015-08-13 오후 4:50:25:114]        product_name    : DSX
[2015-08-13 오후 4:50:25:114]        product_version : 2.0
[2015-08-13 오후 4:50:25:114]        product_uid     : 060e2b34-0401-0106-0e06-012002030100
[2015-08-13 오후 4:50:25:114]        modification_date: 2008-03-04 14:29:02
[2015-08-13 오후 4:50:25:114]        timecode        : 00:00:00;00
[2015-08-13 오후 4:50:25:114]        encoder         : Lavf56.4.101
[2015-08-13 오후 4:50:25:115]        Stream #0:0: Video: h264 (libx264) ([33][0][0][0] / 0x0021), yuv420p, 320x180 [SAR 3:4 DAR 4:3], q=-1--1, 64 kb/s, 29.97 fps, 11988 tbn, 29.97 tbc
[2015-08-13 오후 4:50:25:115]        Metadata:
[2015-08-13 오후 4:50:25:115]          encoder         : Lavc56.1.100 libx264
[2015-08-13 오후 4:50:25:115]        Stream #0:1: Audio: aac ([64][0][0][0] / 0x0040), 48000 Hz, stereo, fltp, 128 kb/s
[2015-08-13 오후 4:50:25:115]        Metadata:
[2015-08-13 오후 4:50:25:115]          encoder         : Lavc56.1.100 aac
[2015-08-13 오후 4:50:25:115]    Stream mapping:
[2015-08-13 오후 4:50:25:115]      Stream #0:0 -> #0:0 (mpeg2video (native) -> h264 (libx264))
[2015-08-13 오후 4:50:25:115]      Stream #0:1 -> #0:1 (pcm_s16le (native) -> aac (native))
[2015-08-13 오후 4:50:30:366]    video:394kB audio:643kB subtitle:0kB other streams:0kB global headers:0kB muxing overhead: 4.329561%
[2015-08-13 오후 4:50:30:366]    [libx264 @ 02be27a0] frame I:85    Avg QP:35.51  size:  2336
[2015-08-13 오후 4:50:30:366]    [libx264 @ 02be27a0] frame P:512   Avg QP:40.50  size:   302
[2015-08-13 오후 4:50:30:366]    [libx264 @ 02be27a0] frame B:633   Avg QP:43.61  size:    79
[2015-08-13 오후 4:50:30:366]    [libx264 @ 02be27a0] consecutive B-frames: 16.3% 39.8% 16.6% 27.3%
[2015-08-13 오후 4:50:30:366]    [libx264 @ 02be27a0] mb I  I16..4: 31.3% 45.9% 22.8%
[2015-08-13 오후 4:50:30:366]    [libx264 @ 02be27a0] mb P  I16..4:  4.6%  2.6%  0.2%  P16..4: 32.8%  4.3%  1.5%  0.0%  0.0%    skip:54.1%
[2015-08-13 오후 4:50:30:366]    [libx264 @ 02be27a0] mb B  I16..4:  0.4%  0.2%  0.0%  B16..8: 22.0%  0.3%  0.0%  direct: 0.1%  skip:77.1%  L0:36.8% L1:62.8% BI: 0.5%
[2015-08-13 오후 4:50:30:366]    [libx264 @ 02be27a0] final ratefactor: 36.12
[2015-08-13 오후 4:50:30:366]    [libx264 @ 02be27a0] 8x8 transform intra:42.5% inter:85.9%
[2015-08-13 오후 4:50:30:366]    [libx264 @ 02be27a0] coded y,uvDC,uvAC intra: 31.9% 49.7% 22.8% inter: 2.5% 4.8% 0.3%
[2015-08-13 오후 4:50:30:366]    [libx264 @ 02be27a0] i16 v,h,dc,p: 39% 38%  7% 17%
[2015-08-13 오후 4:50:30:366]    [libx264 @ 02be27a0] i8 v,h,dc,ddl,ddr,vr,hd,vl,hu: 22% 22% 32%  4%  3%  3%  5%  3%  6%
[2015-08-13 오후 4:50:30:366]    [libx264 @ 02be27a0] i4 v,h,dc,ddl,ddr,vr,hd,vl,hu: 30% 29% 14%  4%  4%  4%  6%  3%  5%
[2015-08-13 오후 4:50:30:366]    [libx264 @ 02be27a0] i8c dc,h,v,p: 64% 22% 13%  2%
[2015-08-13 오후 4:50:30:366]    [libx264 @ 02be27a0] Weighted P-Frames: Y:33.0% UV:21.7%
[2015-08-13 오후 4:50:30:366]    [libx264 @ 02be27a0] ref P L0: 70.7%  8.1% 13.3%  6.5%  1.3%
[2015-08-13 오후 4:50:30:366]    [libx264 @ 02be27a0] ref B L0: 83.6% 14.5%  1.9%
[2015-08-13 오후 4:50:30:366]    [libx264 @ 02be27a0] ref B L1: 95.5%  4.5%
[2015-08-13 오후 4:50:30:366]    [libx264 @ 02be27a0] kb/s:78.54
[2015-08-13 오후 4:50:30:396]    --------------------FFPROBE------------------------
[2015-08-13 오후 4:50:30:433]    ffprobe version 2.4.2 Copyright (c) 2007-2014 the FFmpeg developers
[2015-08-13 오후 4:50:30:433]      built on Dec 17 2014 01:04:08 with gcc 4.8.1 (GCC)
[2015-08-13 오후 4:50:30:433]      configuration: --prefix=_output/ --disable-debug --disable-pthreads --enable-w32threads --enable-postproc --cpu=i686 --enable-static --enable-shared --enable-gpl --enable-version3 --enable-runtime-cpudetect --enable-memalign-hack --enable-avisynth --enable-libx264 --enable-nonfree --enable-libmp3lame --enable-cross-compile --target-os=mingw32 --arch=x86_64 --disable-network --pkg-config=pkg-config
[2015-08-13 오후 4:50:30:433]      libavutil      54.  7.100 / 54.  7.100
[2015-08-13 오후 4:50:30:433]      libavcodec     56.  1.100 / 56.  1.100
[2015-08-13 오후 4:50:30:433]      libavformat    56.  4.101 / 56.  4.101
[2015-08-13 오후 4:50:30:433]      libavdevice    56.  0.100 / 56.  0.100
[2015-08-13 오후 4:50:30:433]      libavfilter     5.  1.100 /  5.  1.100
[2015-08-13 오후 4:50:30:433]      libswscale      3.  0.100 /  3.  0.100
[2015-08-13 오후 4:50:30:433]      libswresample   1.  1.100 /  1.  1.100
[2015-08-13 오후 4:50:30:433]      libpostproc    53.  0.100 / 53.  0.100
[2015-08-13 오후 4:50:30:433]    Input #0, mov,mp4,m4a,3gp,3g2,mj2, from 'f:\TranscoderTempWorking\865bc91f-27da-4411-b117-ddbc02be6387_128k_HD.mp4':
[2015-08-13 오후 4:50:30:433]      Metadata:
[2015-08-13 오후 4:50:30:433]        major_brand     : isom
[2015-08-13 오후 4:50:30:434]        minor_version   : 512
[2015-08-13 오후 4:50:30:434]        compatible_brands: isomiso2avc1mp41
[2015-08-13 오후 4:50:30:434]        encoder         : Lavf56.4.101
[2015-08-13 오후 4:50:30:434]      Duration: 00:00:41.06, start: 0.021333, bitrate: 215 kb/s
[2015-08-13 오후 4:50:30:434]        Stream #0:0(und): Video: h264 (High) (avc1 / 0x31637661), yuv420p, 320x180 [SAR 3:4 DAR 4:3], 78 kb/s, 29.97 fps, 29.97 tbr, 11988 tbn, 59.94 tbc (default)
[2015-08-13 오후 4:50:30:434]        Metadata:
[2015-08-13 오후 4:50:30:434]          handler_name    : VideoHandler
[2015-08-13 오후 4:50:30:434]        Stream #0:1(und): Audio: aac (mp4a / 0x6134706D), 48000 Hz, stereo, fltp, 128 kb/s (default)
[2015-08-13 오후 4:50:30:434]        Metadata:
[2015-08-13 오후 4:50:30:434]          handler_name    : SoundHandler
[2015-08-13 오후 4:50:30:434]    
[2015-08-13 오후 4:50:30:435]    Extract MediaInfo Duration:00:00:41.06/ AudiocStreamCount:1
File :f:\TranscoderTempWorking\865bc91f-27da-4411-b117-ddbc02be6387_128k_HD.mp4
[2015-08-13 오후 4:50:30:435]    [Validation Check] f:\TranscoderTempWorking\865bc91f-27da-4411-b117-ddbc02be6387_128k_HD.mp4 ,Exist=True,Size=1108367/1048576(최소사이즈[1MB]),Percent=100
[2015-08-13 오후 4:50:30:435]    [Validation Check-OK] Src Duration : 00:00:41.04 Des Duration : 00:00:41.04
[2015-08-13 오후 4:50:30:592]    FileMove : f:\TranscoderTempWorking\865bc91f-27da-4411-b117-ddbc02be6387_128k_HD.mp4 -> Y:\\mp4\T2010-0301\PS-2013170745-01-001\\865bc91f-27da-4411-b117-ddbc02be6387_128k_HD.mp4
[2015-08-13 오후 4:50:57:074]    ******************Completed Transcording******************
