[2015-08-13 오후 4:28:54:724]    ****************Initialized*******************
[2015-08-13 오후 4:31:50:431]    ****************Initialized*******************
[2015-08-13 오후 4:32:20:536]    --->Got a Job 373553
[2015-08-13 오후 4:32:20:643]    ******************Start Transcording JobID :[373553]******************
[2015-08-13 오후 4:32:20:645]    --------------------FFPROBE------------------------
[2015-08-13 오후 4:32:20:682]    ffprobe version 2.4.2 Copyright (c) 2007-2014 the FFmpeg developers
[2015-08-13 오후 4:32:20:687]      built on Dec 17 2014 01:04:08 with gcc 4.8.1 (GCC)
[2015-08-13 오후 4:32:20:687]      configuration: --prefix=_output/ --disable-debug --disable-pthreads --enable-w32threads --enable-postproc --cpu=i686 --enable-static --enable-shared --enable-gpl --enable-version3 --enable-runtime-cpudetect --enable-memalign-hack --enable-avisynth --enable-libx264 --enable-nonfree --enable-libmp3lame --enable-cross-compile --target-os=mingw32 --arch=x86_64 --disable-network --pkg-config=pkg-config
[2015-08-13 오후 4:32:20:687]      libavutil      54.  7.100 / 54.  7.100
[2015-08-13 오후 4:32:20:687]      libavcodec     56.  1.100 / 56.  1.100
[2015-08-13 오후 4:32:20:687]      libavformat    56.  4.101 / 56.  4.101
[2015-08-13 오후 4:32:20:687]      libavdevice    56.  0.100 / 56.  0.100
[2015-08-13 오후 4:32:20:687]      libavfilter     5.  1.100 /  5.  1.100
[2015-08-13 오후 4:32:20:687]      libswscale      3.  0.100 /  3.  0.100
[2015-08-13 오후 4:32:20:687]      libswresample   1.  1.100 /  1.  1.100
[2015-08-13 오후 4:32:20:687]      libpostproc    53.  0.100 / 53.  0.100
[2015-08-13 오후 4:32:20:687]    Input #0, mxf, from 'f:\TranscoderTempWorking\865bc91f-27da-4411-b117-ddbc02be6387.mxf':
[2015-08-13 오후 4:32:20:687]      Metadata:
[2015-08-13 오후 4:32:20:687]        uid             : a28e1300-2433-05c1-f83e-080046020118
[2015-08-13 오후 4:32:20:687]        generation_uid  : a28e1300-2433-05fc-f83e-080046020118
[2015-08-13 오후 4:32:20:687]        company_name    : Matrox Electronic
[2015-08-13 오후 4:32:20:687]        product_name    : DSX
[2015-08-13 오후 4:32:20:688]        product_version : 2.0
[2015-08-13 오후 4:32:20:688]        product_uid     : 060e2b34-0401-0106-0e06-012002030100
[2015-08-13 오후 4:32:20:688]        modification_date: 2008-03-04 14:29:02
[2015-08-13 오후 4:32:20:688]        timecode        : 00:00:00;00
[2015-08-13 오후 4:32:20:688]      Duration: 00:00:41.04, start: 0.000000, bitrate: 62608 kb/s
[2015-08-13 오후 4:32:20:688]        Stream #0:0: Video: mpeg2video (4:2:2), yuv422p(tv, bt709), 720x512 [SAR 128:135 DAR 4:3], 50000 kb/s, 29.97 fps, 29.97 tbr, 29.97 tbn, 59.94 tbc
[2015-08-13 오후 4:32:20:688]        Stream #0:1: Audio: pcm_s16le, 48000 Hz, 8 channels, s16, 6144 kb/s
[2015-08-13 오후 4:32:20:688]    
[2015-08-13 오후 4:32:20:689]    Extract MediaInfo Duration:00:00:41.04/ AudiocStreamCount:1
File :f:\TranscoderTempWorking\865bc91f-27da-4411-b117-ddbc02be6387.mxf
[2015-08-13 오후 4:32:20:693]    ---------------------FFMPEG---------------------
[2015-08-13 오후 4:32:20:695]    [Make Arg] -> f:\TranscoderTempWorking\865bc91f-27da-4411-b117-ddbc02be6387.mxf , [AudioMode] ->02
[2015-08-13 오후 4:32:20:695]    Arg: -threads 12 -i "f:\TranscoderTempWorking\865bc91f-27da-4411-b117-ddbc02be6387.mxf" -pix_fmt yuv420p -b:v 64k -sws_flags lanczos -vf "yadif=0:1-1, scale=320:180" -r 29.97 -vsync 0 -g 15 -c:a aac -ac 2 -ar 48000 -strict experimental "f:\TranscoderTempWorking\865bc91f-27da-4411-b117-ddbc02be6387_128k_HD.mp4"
[2015-08-13 오후 4:32:20:717]      built on Dec 17 2014 01:04:08 with gcc 4.8.1 (GCC)
[2015-08-13 오후 4:32:20:717]      configuration: --prefix=_output/ --disable-debug --disable-pthreads --enable-w32threads --enable-postproc --cpu=i686 --enable-static --enable-shared --enable-gpl --enable-version3 --enable-runtime-cpudetect --enable-memalign-hack --enable-avisynth --enable-libx264 --enable-nonfree --enable-libmp3lame --enable-cross-compile --target-os=mingw32 --arch=x86_64 --disable-network --pkg-config=pkg-config
[2015-08-13 오후 4:32:20:726]    Guessed Channel Layout for  Input Stream #0.1 : 7.1
[2015-08-13 오후 4:32:20:726]    Input #0, mxf, from 'f:\TranscoderTempWorking\865bc91f-27da-4411-b117-ddbc02be6387.mxf':
[2015-08-13 오후 4:32:20:726]      Metadata:
[2015-08-13 오후 4:32:20:726]        uid             : a28e1300-2433-05c1-f83e-080046020118
[2015-08-13 오후 4:32:20:726]        generation_uid  : a28e1300-2433-05fc-f83e-080046020118
[2015-08-13 오후 4:32:20:727]        company_name    : Matrox Electronic
[2015-08-13 오후 4:32:20:727]        product_name    : DSX
[2015-08-13 오후 4:32:20:727]        product_version : 2.0
[2015-08-13 오후 4:32:20:727]        product_uid     : 060e2b34-0401-0106-0e06-012002030100
[2015-08-13 오후 4:32:20:727]        modification_date: 2008-03-04 14:29:02
[2015-08-13 오후 4:32:20:727]        timecode        : 00:00:00;00
[2015-08-13 오후 4:32:20:727]      Duration: 00:00:41.04, start: 0.000000, bitrate: 62608 kb/s
[2015-08-13 오후 4:32:20:727]        Stream #0:0: Video: mpeg2video (4:2:2), yuv422p(tv, bt709), 720x512 [SAR 128:135 DAR 4:3], 50000 kb/s, 29.97 fps, 29.97 tbr, 29.97 tbn, 59.94 tbc
[2015-08-13 오후 4:32:20:727]        Stream #0:1: Audio: pcm_s16le, 48000 Hz, 8 channels, s16, 6144 kb/s
[2015-08-13 오후 4:32:20:740]    [libx264 @ 029227a0] using cpu capabilities: MMX2 SSE2Fast SSSE3 SSE4.2
[2015-08-13 오후 4:32:20:749]    [libx264 @ 029227a0] 264 - core 142 - H.264/MPEG-4 AVC codec - Copyleft 2003-2014 - http://www.videolan.org/x264.html - options: cabac=1 ref=3 deblock=1:0:0 analyse=0x3:0x113 me=hex subme=7 psy=1 psy_rd=1.00:0.00 mixed_ref=1 me_range=16 chroma_me=1 trellis=1 8x8dct=1 cqm=0 deadzone=21,11 fast_pskip=1 chroma_qp_offset=-2 threads=36 lookahead_threads=1 sliced_threads=0 nr=0 decimate=1 interlaced=0 bluray_compat=0 constrained_intra=0 bframes=3 b_pyramid=2 b_adapt=1 b_bias=0 direct=1 weightb=1 open_gop=0 weightp=2 keyint=15 keyint_min=1 scenecut=40 intra_refresh=0 rc_lookahead=15 rc=abr mbtree=1 bitrate=64 ratetol=1.0 qcomp=0.60 qpmin=0 qpmax=69 qpstep=4 ip_ratio=1.40 aq=1:1.00
[2015-08-13 오후 4:32:20:752]    Output #0, mp4, to 'f:\TranscoderTempWorking\865bc91f-27da-4411-b117-ddbc02be6387_128k_HD.mp4':
[2015-08-13 오후 4:32:20:752]      Metadata:
[2015-08-13 오후 4:32:20:752]        uid             : a28e1300-2433-05c1-f83e-080046020118
[2015-08-13 오후 4:32:20:752]        generation_uid  : a28e1300-2433-05fc-f83e-080046020118
[2015-08-13 오후 4:32:20:752]        company_name    : Matrox Electronic
[2015-08-13 오후 4:32:20:752]        product_name    : DSX
[2015-08-13 오후 4:32:20:752]        product_version : 2.0
[2015-08-13 오후 4:32:20:752]        product_uid     : 060e2b34-0401-0106-0e06-012002030100
[2015-08-13 오후 4:32:20:752]        modification_date: 2008-03-04 14:29:02
[2015-08-13 오후 4:32:20:752]        timecode        : 00:00:00;00
[2015-08-13 오후 4:32:20:752]        encoder         : Lavf56.4.101
[2015-08-13 오후 4:32:20:752]        Stream #0:0: Video: h264 (libx264) ([33][0][0][0] / 0x0021), yuv420p, 320x180 [SAR 3:4 DAR 4:3], q=-1--1, 64 kb/s, 29.97 fps, 11988 tbn, 29.97 tbc
[2015-08-13 오후 4:32:20:752]        Metadata:
[2015-08-13 오후 4:32:20:752]          encoder         : Lavc56.1.100 libx264
[2015-08-13 오후 4:32:20:753]        Stream #0:1: Audio: aac ([64][0][0][0] / 0x0040), 48000 Hz, stereo, fltp, 128 kb/s
[2015-08-13 오후 4:32:20:753]        Metadata:
[2015-08-13 오후 4:32:20:753]          encoder         : Lavc56.1.100 aac
[2015-08-13 오후 4:32:20:753]    Stream mapping:
[2015-08-13 오후 4:32:20:753]      Stream #0:0 -> #0:0 (mpeg2video (native) -> h264 (libx264))
[2015-08-13 오후 4:32:20:753]      Stream #0:1 -> #0:1 (pcm_s16le (native) -> aac (native))
[2015-08-13 오후 4:32:26:025]    video:394kB audio:643kB subtitle:0kB other streams:0kB global headers:0kB muxing overhead: 4.329561%
[2015-08-13 오후 4:32:26:025]    [libx264 @ 029227a0] frame I:85    Avg QP:35.51  size:  2336
[2015-08-13 오후 4:32:26:025]    [libx264 @ 029227a0] frame P:512   Avg QP:40.50  size:   302
[2015-08-13 오후 4:32:26:025]    [libx264 @ 029227a0] frame B:633   Avg QP:43.61  size:    79
[2015-08-13 오후 4:32:26:025]    [libx264 @ 029227a0] consecutive B-frames: 16.3% 39.8% 16.6% 27.3%
[2015-08-13 오후 4:32:26:025]    [libx264 @ 029227a0] mb I  I16..4: 31.3% 45.9% 22.8%
[2015-08-13 오후 4:32:26:025]    [libx264 @ 029227a0] mb P  I16..4:  4.6%  2.6%  0.2%  P16..4: 32.8%  4.3%  1.5%  0.0%  0.0%    skip:54.1%
[2015-08-13 오후 4:32:26:025]    [libx264 @ 029227a0] mb B  I16..4:  0.4%  0.2%  0.0%  B16..8: 22.0%  0.3%  0.0%  direct: 0.1%  skip:77.1%  L0:36.8% L1:62.8% BI: 0.5%
[2015-08-13 오후 4:32:26:025]    [libx264 @ 029227a0] final ratefactor: 36.12
[2015-08-13 오후 4:32:26:025]    [libx264 @ 029227a0] 8x8 transform intra:42.5% inter:85.9%
[2015-08-13 오후 4:32:26:025]    [libx264 @ 029227a0] coded y,uvDC,uvAC intra: 31.9% 49.7% 22.8% inter: 2.5% 4.8% 0.3%
[2015-08-13 오후 4:32:26:025]    [libx264 @ 029227a0] i16 v,h,dc,p: 39% 38%  7% 17%
[2015-08-13 오후 4:32:26:025]    [libx264 @ 029227a0] i8 v,h,dc,ddl,ddr,vr,hd,vl,hu: 22% 22% 32%  4%  3%  3%  5%  3%  6%
[2015-08-13 오후 4:32:26:025]    [libx264 @ 029227a0] i4 v,h,dc,ddl,ddr,vr,hd,vl,hu: 30% 29% 14%  4%  4%  4%  6%  3%  5%
[2015-08-13 오후 4:32:26:025]    [libx264 @ 029227a0] i8c dc,h,v,p: 64% 22% 13%  2%
[2015-08-13 오후 4:32:26:026]    [libx264 @ 029227a0] Weighted P-Frames: Y:33.0% UV:21.7%
[2015-08-13 오후 4:32:26:026]    [libx264 @ 029227a0] ref P L0: 70.7%  8.1% 13.3%  6.5%  1.3%
[2015-08-13 오후 4:32:26:026]    [libx264 @ 029227a0] ref B L0: 83.6% 14.5%  1.9%
[2015-08-13 오후 4:32:26:026]    [libx264 @ 029227a0] ref B L1: 95.5%  4.5%
[2015-08-13 오후 4:32:26:026]    [libx264 @ 029227a0] kb/s:78.54
[2015-08-13 오후 4:32:26:062]    --------------------FFPROBE------------------------
[2015-08-13 오후 4:32:26:101]    ffprobe version 2.4.2 Copyright (c) 2007-2014 the FFmpeg developers
[2015-08-13 오후 4:32:26:101]      built on Dec 17 2014 01:04:08 with gcc 4.8.1 (GCC)
[2015-08-13 오후 4:32:26:101]      configuration: --prefix=_output/ --disable-debug --disable-pthreads --enable-w32threads --enable-postproc --cpu=i686 --enable-static --enable-shared --enable-gpl --enable-version3 --enable-runtime-cpudetect --enable-memalign-hack --enable-avisynth --enable-libx264 --enable-nonfree --enable-libmp3lame --enable-cross-compile --target-os=mingw32 --arch=x86_64 --disable-network --pkg-config=pkg-config
[2015-08-13 오후 4:32:26:101]      libavutil      54.  7.100 / 54.  7.100
[2015-08-13 오후 4:32:26:101]      libavcodec     56.  1.100 / 56.  1.100
[2015-08-13 오후 4:32:26:101]      libavformat    56.  4.101 / 56.  4.101
[2015-08-13 오후 4:32:26:101]      libavdevice    56.  0.100 / 56.  0.100
[2015-08-13 오후 4:32:26:101]      libavfilter     5.  1.100 /  5.  1.100
[2015-08-13 오후 4:32:26:101]      libswscale      3.  0.100 /  3.  0.100
[2015-08-13 오후 4:32:26:101]      libswresample   1.  1.100 /  1.  1.100
[2015-08-13 오후 4:32:26:101]      libpostproc    53.  0.100 / 53.  0.100
[2015-08-13 오후 4:32:26:101]    Input #0, mov,mp4,m4a,3gp,3g2,mj2, from 'f:\TranscoderTempWorking\865bc91f-27da-4411-b117-ddbc02be6387_128k_HD.mp4':
[2015-08-13 오후 4:32:26:101]      Metadata:
[2015-08-13 오후 4:32:26:101]        major_brand     : isom
[2015-08-13 오후 4:32:26:101]        minor_version   : 512
[2015-08-13 오후 4:32:26:101]        compatible_brands: isomiso2avc1mp41
[2015-08-13 오후 4:32:26:101]        encoder         : Lavf56.4.101
[2015-08-13 오후 4:32:26:101]      Duration: 00:00:41.06, start: 0.021333, bitrate: 215 kb/s
[2015-08-13 오후 4:32:26:101]        Stream #0:0(und): Video: h264 (High) (avc1 / 0x31637661), yuv420p, 320x180 [SAR 3:4 DAR 4:3], 78 kb/s, 29.97 fps, 29.97 tbr, 11988 tbn, 59.94 tbc (default)
[2015-08-13 오후 4:32:26:101]        Metadata:
[2015-08-13 오후 4:32:26:101]          handler_name    : VideoHandler
[2015-08-13 오후 4:32:26:102]        Stream #0:1(und): Audio: aac (mp4a / 0x6134706D), 48000 Hz, stereo, fltp, 128 kb/s (default)
[2015-08-13 오후 4:32:26:102]        Metadata:
[2015-08-13 오후 4:32:26:102]          handler_name    : SoundHandler
[2015-08-13 오후 4:32:26:102]    
[2015-08-13 오후 4:32:26:102]    Extract MediaInfo Duration:00:00:41.06/ AudiocStreamCount:1
File :f:\TranscoderTempWorking\865bc91f-27da-4411-b117-ddbc02be6387_128k_HD.mp4
[2015-08-13 오후 4:32:26:102]    [Validation Check] f:\TranscoderTempWorking\865bc91f-27da-4411-b117-ddbc02be6387_128k_HD.mp4 ,Exist=True,Size=1108367/1048576(최소사이즈[1MB]),Percent=100
[2015-08-13 오후 4:32:26:102]    [Validation Check-OK] Src Duration : 00:00:41.04 Des Duration : 00:00:41.04
[2015-08-13 오후 4:32:26:281]    FileMove : f:\TranscoderTempWorking\865bc91f-27da-4411-b117-ddbc02be6387_128k_HD.mp4 -> Y:\\mp4\T2010-0301\PS-2013170745-01-001\\865bc91f-27da-4411-b117-ddbc02be6387_128k_HD.mp4
[2015-08-13 오후 4:32:31:732]    [Profile Move Excepted-RetryCount : 1] gg
   위치: Transcoder_KBS.Transcoder.StartFFmpeg() 파일 D:\Sehee Source\02 KBS\05 Transcoder_KBS\Transcoder_KBS\Transcoder.cs:줄 357
[2015-08-13 오후 4:32:33:600]    [Profile Move Excepted-RetryCount : 2] gg
   위치: Transcoder_KBS.Transcoder.StartFFmpeg() 파일 D:\Sehee Source\02 KBS\05 Transcoder_KBS\Transcoder_KBS\Transcoder.cs:줄 357
[2015-08-13 오후 4:32:34:973]    [Profile Move Excepted-RetryCount : 3] gg
   위치: Transcoder_KBS.Transcoder.StartFFmpeg() 파일 D:\Sehee Source\02 KBS\05 Transcoder_KBS\Transcoder_KBS\Transcoder.cs:줄 357
[2015-08-13 오후 4:32:36:211]    [Profile Move Excepted-RetryCount : 4] gg
   위치: Transcoder_KBS.Transcoder.StartFFmpeg() 파일 D:\Sehee Source\02 KBS\05 Transcoder_KBS\Transcoder_KBS\Transcoder.cs:줄 357
[2015-08-13 오후 4:32:37:485]    [Profile Move Excepted-RetryCount : 5] gg
   위치: Transcoder_KBS.Transcoder.StartFFmpeg() 파일 D:\Sehee Source\02 KBS\05 Transcoder_KBS\Transcoder_KBS\Transcoder.cs:줄 357
[2015-08-13 오후 4:32:40:489]    [Profile Move Excepted] gg
   위치: Transcoder_KBS.Transcoder.StartFFmpeg() 파일 D:\Sehee Source\02 KBS\05 Transcoder_KBS\Transcoder_KBS\Transcoder.cs:줄 357
[2015-08-13 오후 4:32:42:554]    ******************Completed Transcording******************
[2015-08-13 오후 4:33:46:761]    --->Got a Job 373564
[2015-08-13 오후 4:33:46:862]    ******************Start Transcording JobID :[373564]******************
[2015-08-13 오후 4:33:46:862]    작업 대상 파일이 존재하지 않습니다. [Src:f:\TranscoderTempWorking\8a23b3c6-ab5c-49c2-be89-8c65c9ea228f.mxf]->[Trg:f:\TranscoderTempWorking\8a23b3c6-ab5c-49c2-be89-8c65c9ea228f_128k_HD.mp4]
[2015-08-13 오후 4:33:46:930]    ******************Completed Transcording******************
